<?xml version="1.0" encoding="UTF-8"?>
<!-- Generated by org.testng.reporters.JUnitReportReporter -->
<testsuite hostname="DESKTOP-3824BQ8" failures="0" tests="2" name="extentReports.LoginTest" time="0.029" errors="0" timestamp="2023-05-18T16:07:22 IST" skipped="0">
  <testcase classname="extentReports.LoginTest" name="test2" time="0.006"/>
  <system-out/>
  <testcase classname="extentReports.LoginTest" name="test1" time="0.023"/>
  <system-out/>
</testsuite> <!-- extentReports.LoginTest -->
